Traceback (most recent call last):
  File "/usr/local/lib/python3.7/dist-packages/jupyter_cache/executors/utils.py", line 56, in single_nb_execution
    record_timing=False,
  File "/usr/local/lib/python3.7/dist-packages/nbclient/client.py", line 1204, in execute
    return NotebookClient(nb=nb, resources=resources, km=km, **kwargs).execute()
  File "/usr/local/lib/python3.7/dist-packages/nbclient/util.py", line 84, in wrapped
    return just_run(coro(*args, **kwargs))
  File "/usr/local/lib/python3.7/dist-packages/nbclient/util.py", line 62, in just_run
    return loop.run_until_complete(coro)
  File "/usr/lib/python3.7/asyncio/base_events.py", line 587, in run_until_complete
    return future.result()
  File "/usr/local/lib/python3.7/dist-packages/nbclient/client.py", line 664, in async_execute
    cell, index, execution_count=self.code_cells_executed + 1
  File "/usr/local/lib/python3.7/dist-packages/nbclient/client.py", line 965, in async_execute_cell
    await self._check_raise_for_error(cell, cell_index, exec_reply)
  File "/usr/local/lib/python3.7/dist-packages/nbclient/client.py", line 862, in _check_raise_for_error
    raise CellExecutionError.from_cell_and_msg(cell, exec_reply_content)
nbclient.exceptions.CellExecutionError: An error occurred while executing the following cell:
------------------
from sklearn.model_selection import train_test_split
#split dataset into train and test data
X_train, X_test, y_train, y_test = train_test_split(X, y, test_size=0.2, random_state=1, stratify=y)
------------------

[0;31m[0m
[0;31mValueError[0mTraceback (most recent call last)
[0;32m<ipython-input-5-166790e3832a>[0m in [0;36m<module>[0;34m[0m
[1;32m      1[0m [0;32mfrom[0m [0msklearn[0m[0;34m.[0m[0mmodel_selection[0m [0;32mimport[0m [0mtrain_test_split[0m[0;34m[0m[0;34m[0m[0m
[1;32m      2[0m [0;31m#split dataset into train and test data[0m[0;34m[0m[0;34m[0m[0;34m[0m[0m
[0;32m----> 3[0;31m [0mX_train[0m[0;34m,[0m [0mX_test[0m[0;34m,[0m [0my_train[0m[0;34m,[0m [0my_test[0m [0;34m=[0m [0mtrain_test_split[0m[0;34m([0m[0mX[0m[0;34m,[0m [0my[0m[0;34m,[0m [0mtest_size[0m[0;34m=[0m[0;36m0.2[0m[0;34m,[0m [0mrandom_state[0m[0;34m=[0m[0;36m1[0m[0;34m,[0m [0mstratify[0m[0;34m=[0m[0my[0m[0;34m)[0m[0;34m[0m[0;34m[0m[0m
[0m
[0;32m/usr/local/lib/python3.7/dist-packages/sklearn/model_selection/_split.py[0m in [0;36mtrain_test_split[0;34m(test_size, train_size, random_state, shuffle, stratify, *arrays)[0m
[1;32m   2439[0m         [0mcv[0m [0;34m=[0m [0mCVClass[0m[0;34m([0m[0mtest_size[0m[0;34m=[0m[0mn_test[0m[0;34m,[0m [0mtrain_size[0m[0;34m=[0m[0mn_train[0m[0;34m,[0m [0mrandom_state[0m[0;34m=[0m[0mrandom_state[0m[0;34m)[0m[0;34m[0m[0;34m[0m[0m
[1;32m   2440[0m [0;34m[0m[0m
[0;32m-> 2441[0;31m         [0mtrain[0m[0;34m,[0m [0mtest[0m [0;34m=[0m [0mnext[0m[0;34m([0m[0mcv[0m[0;34m.[0m[0msplit[0m[0;34m([0m[0mX[0m[0;34m=[0m[0marrays[0m[0;34m[[0m[0;36m0[0m[0;34m][0m[0;34m,[0m [0my[0m[0;34m=[0m[0mstratify[0m[0;34m)[0m[0;34m)[0m[0;34m[0m[0;34m[0m[0m
[0m[1;32m   2442[0m [0;34m[0m[0m
[1;32m   2443[0m     return list(

[0;32m/usr/local/lib/python3.7/dist-packages/sklearn/model_selection/_split.py[0m in [0;36msplit[0;34m(self, X, y, groups)[0m
[1;32m   1598[0m         """
[1;32m   1599[0m         [0mX[0m[0;34m,[0m [0my[0m[0;34m,[0m [0mgroups[0m [0;34m=[0m [0mindexable[0m[0;34m([0m[0mX[0m[0;34m,[0m [0my[0m[0;34m,[0m [0mgroups[0m[0;34m)[0m[0;34m[0m[0;34m[0m[0m
[0;32m-> 1600[0;31m         [0;32mfor[0m [0mtrain[0m[0;34m,[0m [0mtest[0m [0;32min[0m [0mself[0m[0;34m.[0m[0m_iter_indices[0m[0;34m([0m[0mX[0m[0;34m,[0m [0my[0m[0;34m,[0m [0mgroups[0m[0;34m)[0m[0;34m:[0m[0;34m[0m[0;34m[0m[0m
[0m[1;32m   1601[0m             [0;32myield[0m [0mtrain[0m[0;34m,[0m [0mtest[0m[0;34m[0m[0;34m[0m[0m
[1;32m   1602[0m [0;34m[0m[0m

[0;32m/usr/local/lib/python3.7/dist-packages/sklearn/model_selection/_split.py[0m in [0;36m_iter_indices[0;34m(self, X, y, groups)[0m
[1;32m   1939[0m         [0;32mif[0m [0mnp[0m[0;34m.[0m[0mmin[0m[0;34m([0m[0mclass_counts[0m[0;34m)[0m [0;34m<[0m [0;36m2[0m[0;34m:[0m[0;34m[0m[0;34m[0m[0m
[1;32m   1940[0m             raise ValueError(
[0;32m-> 1941[0;31m                 [0;34m"The least populated class in y has only 1"[0m[0;34m[0m[0;34m[0m[0m
[0m[1;32m   1942[0m                 [0;34m" member, which is too few. The minimum"[0m[0;34m[0m[0;34m[0m[0m
[1;32m   1943[0m                 [0;34m" number of groups for any class cannot"[0m[0;34m[0m[0;34m[0m[0m

[0;31mValueError[0m: The least populated class in y has only 1 member, which is too few. The minimum number of groups for any class cannot be less than 2.
ValueError: The least populated class in y has only 1 member, which is too few. The minimum number of groups for any class cannot be less than 2.

